\\MAC\HOME\DOCUMENTS\VISUAL STUDIO 2012\PROJECTS\LAB1\LAB1\DEBUG\LAB1-TESTING.C.NATIVECODEANALYSIS.XML
\\MAC\HOME\DOCUMENTS\VISUAL STUDIO 2012\PROJECTS\LAB1\LAB1\DEBUG\LAB1-TESTING.OBJ
\\MAC\HOME\DOCUMENTS\VISUAL STUDIO 2012\PROJECTS\LAB1\LAB1\DEBUG\VC110.PDB
\\MAC\HOME\DOCUMENTS\VISUAL STUDIO 2012\PROJECTS\LAB1\LAB1\DEBUG\LAB1.C.NATIVECODEANALYSIS.XML
\\MAC\HOME\DOCUMENTS\VISUAL STUDIO 2012\PROJECTS\LAB1\LAB1\DEBUG\LAB1.OBJ
\\MAC\HOME\DOCUMENTS\VISUAL STUDIO 2012\PROJECTS\LAB1\DEBUG\LAB1.ILK
\\MAC\HOME\DOCUMENTS\VISUAL STUDIO 2012\PROJECTS\LAB1\DEBUG\LAB1.EXE
\\MAC\HOME\DOCUMENTS\VISUAL STUDIO 2012\PROJECTS\LAB1\DEBUG\LAB1.PDB
\\mac\home\documents\visual studio 2012\Projects\lab1\lab1\Debug\lab1-testing.obj
\\mac\home\documents\visual studio 2012\Projects\lab1\lab1\Debug\lab1.obj
\\mac\home\documents\visual studio 2012\Projects\lab1\lab1\Debug\cl.command.1.tlog
\\mac\home\documents\visual studio 2012\Projects\lab1\lab1\Debug\cl.read.1.tlog
\\mac\home\documents\visual studio 2012\Projects\lab1\lab1\Debug\cl.write.1.tlog
\\mac\home\documents\visual studio 2012\Projects\lab1\lab1\Debug\link-cvtres.read.1.tlog
\\mac\home\documents\visual studio 2012\Projects\lab1\lab1\Debug\link-cvtres.write.1.tlog
\\mac\home\documents\visual studio 2012\Projects\lab1\lab1\Debug\link-rc.read.1.tlog
\\mac\home\documents\visual studio 2012\Projects\lab1\lab1\Debug\link-rc.write.1.tlog
\\mac\home\documents\visual studio 2012\Projects\lab1\lab1\Debug\link.command.1.tlog
\\mac\home\documents\visual studio 2012\Projects\lab1\lab1\Debug\link.read.1.tlog
\\mac\home\documents\visual studio 2012\Projects\lab1\lab1\Debug\link.write.1.tlog
\\mac\home\documents\visual studio 2012\Projects\lab1\lab1\Debug\NativeCodeAnalysis.read.1.tlog
\\mac\home\documents\visual studio 2012\Projects\lab1\lab1\Debug\vc110.idb
\\mac\home\documents\visual studio 2012\Projects\lab1\lab1\Debug\vc110.pdb
\\mac\home\documents\visual studio 2012\Projects\lab1\lab1\Debug\lab1-testing.c.nativecodeanalysis.xml
\\mac\home\documents\visual studio 2012\Projects\lab1\lab1\Debug\lab1.c.nativecodeanalysis.xml
\\mac\home\documents\visual studio 2012\Projects\lab1\lab1\Debug\vc.nativecodeanalysis.all.xml
\\mac\home\documents\visual studio 2012\Projects\lab1\Debug\lab1.pdb
\\mac\home\documents\visual studio 2012\Projects\lab1\Debug\lab1.exe
\\mac\home\documents\visual studio 2012\Projects\lab1\Debug\lab1.ilk
\\mac\home\documents\visual studio 2012\Projects\lab1\Debug\lab1.exe.lastcodeanalysissucceeded
