\\MAC\HOME\DOCUMENTS\VISUAL STUDIO 2012\PROJECTS\LAB2_3\LAB2_3\DEBUG\LAB2-TESTING.OBJ
\\MAC\HOME\DOCUMENTS\VISUAL STUDIO 2012\PROJECTS\LAB2_3\LAB2_3\DEBUG\LAB2.OBJ
\\MAC\HOME\DOCUMENTS\VISUAL STUDIO 2012\PROJECTS\LAB2_3\LAB2_3\DEBUG\LODEPNG.OBJ
\\MAC\HOME\DOCUMENTS\VISUAL STUDIO 2012\PROJECTS\LAB2_3\LAB2_3\DEBUG\VC110.PDB
\\MAC\HOME\DOCUMENTS\VISUAL STUDIO 2012\PROJECTS\LAB2_3\DEBUG\LAB2_3.PDB
\\Mac\Home\Documents\Visual Studio 2012\Projects\lab2_3\lab2_3\Debug\lab2-testing.obj
\\Mac\Home\Documents\Visual Studio 2012\Projects\lab2_3\lab2_3\Debug\lab2.obj
\\Mac\Home\Documents\Visual Studio 2012\Projects\lab2_3\lab2_3\Debug\lodepng.obj
\\Mac\Home\Documents\Visual Studio 2012\Projects\lab2_3\lab2_3\Debug\cl.command.1.tlog
\\Mac\Home\Documents\Visual Studio 2012\Projects\lab2_3\lab2_3\Debug\cl.read.1.tlog
\\Mac\Home\Documents\Visual Studio 2012\Projects\lab2_3\lab2_3\Debug\cl.write.1.tlog
\\Mac\Home\Documents\Visual Studio 2012\Projects\lab2_3\lab2_3\Debug\link-cvtres.read.1.tlog
\\Mac\Home\Documents\Visual Studio 2012\Projects\lab2_3\lab2_3\Debug\link-cvtres.write.1.tlog
\\Mac\Home\Documents\Visual Studio 2012\Projects\lab2_3\lab2_3\Debug\link-rc.read.1.tlog
\\Mac\Home\Documents\Visual Studio 2012\Projects\lab2_3\lab2_3\Debug\link-rc.write.1.tlog
\\Mac\Home\Documents\Visual Studio 2012\Projects\lab2_3\lab2_3\Debug\link.command.1.tlog
\\Mac\Home\Documents\Visual Studio 2012\Projects\lab2_3\lab2_3\Debug\link.read.1.tlog
\\Mac\Home\Documents\Visual Studio 2012\Projects\lab2_3\lab2_3\Debug\link.write.1.tlog
\\Mac\Home\Documents\Visual Studio 2012\Projects\lab2_3\lab2_3\Debug\vc110.idb
\\Mac\Home\Documents\Visual Studio 2012\Projects\lab2_3\lab2_3\Debug\vc110.pdb
\\Mac\Home\Documents\Visual Studio 2012\Projects\lab2_3\Debug\lab2_3.pdb
\\Mac\Home\Documents\Visual Studio 2012\Projects\lab2_3\Debug\lab2_3.exe
\\Mac\Home\Documents\Visual Studio 2012\Projects\lab2_3\Debug\lab2_3.ilk
